<?xml version="1.0" encoding="UTF-8"?>
<!-- Generated by org.testng.reporters.JUnitReportReporter -->
<testsuite hostname="Ihsan-Legion5" failures="0" tests="2"
	name="MavenTutorial.MavenJava.SeleniumTest" time="0.011" errors="0"
	timestamp="2021-03-15T16:48:53 MYT" skipped="0">
	<testcase classname="MavenTutorial.MavenJava.SeleniumTest"
		name="BrowserAutomation" time="0.009" />
	<system-out />
	<testcase classname="MavenTutorial.MavenJava.SeleniumTest"
		name="ElementsUI" time="0.002" />
	<system-out />
</testsuite> <!-- MavenTutorial.MavenJava.SeleniumTest -->
