<?xml version="1.0" encoding="UTF-8"?>
<!-- Generated by org.testng.reporters.JUnitReportReporter -->
<testsuite hostname="Ihsan-Legion5" failures="0" tests="2"
	name="MavenTutorial.MavenJava.AppiumTest" time="0.002" errors="0"
	timestamp="2021-03-15T16:48:53 MYT" skipped="0">
	<testcase classname="MavenTutorial.MavenJava.AppiumTest"
		name="NativeAndroid" time="0.001" />
	<system-out />
	<testcase classname="MavenTutorial.MavenJava.AppiumTest"
		name="iOSApps" time="0.001" />
	<system-out />
</testsuite> <!-- MavenTutorial.MavenJava.AppiumTest -->
