<?xml version="1.0" encoding="UTF-8"?>
<!-- Generated by org.testng.reporters.JUnitReportReporter -->
<testsuite hostname="Ihsan-Legion5" failures="0" tests="2" name="MavenTutorial.MavenJava.APITest" time="0.011" errors="0" timestamp="2021-03-15T16:58:33 MYT" skipped="0">
  <testcase classname="MavenTutorial.MavenJava.APITest" name="DeleteTwitter" time="0.010"/>
  <system-out/>
  <testcase classname="MavenTutorial.MavenJava.APITest" name="postJira" time="0.001"/>
  <system-out/>
</testsuite> <!-- MavenTutorial.MavenJava.APITest -->
