<?xml version="1.0" encoding="UTF-8"?>
<!-- Generated by org.testng.reporters.JUnitReportReporter -->
<testsuite skipped="0" hostname="Ihsan-Legion5"
	name="MavenTutorial.MavenJava.APITest" tests="2" failures="0"
	timestamp="2020-11-22T20:55:25 SGT" time="0.004" errors="0">
	<testcase name="postJira" time="0.000"
		classname="MavenTutorial.MavenJava.APITest" />
	<system-out />
	<testcase name="DeleteTwitter" time="0.004"
		classname="MavenTutorial.MavenJava.APITest" />
	<system-out />
</testsuite> <!-- MavenTutorial.MavenJava.APITest -->
