<?xml version="1.0" encoding="UTF-8"?>
<!-- Generated by org.testng.reporters.JUnitReportReporter -->
<testsuite skipped="0" hostname="Ihsan-Legion5" name="MavenTutorial.MavenJava.SeleniumTest" tests="2" failures="0" timestamp="2021-03-15T17:31:57 SGT" time="0.005" errors="0">
  <testcase name="ElementsUI" time="0.000" classname="MavenTutorial.MavenJava.SeleniumTest"/>
  <system-out/>
  <testcase name="BrowserAutomation" time="0.005" classname="MavenTutorial.MavenJava.SeleniumTest"/>
  <system-out/>
</testsuite> <!-- MavenTutorial.MavenJava.SeleniumTest -->
