<?xml version="1.0" encoding="UTF-8"?>
<!-- Generated by org.testng.reporters.JUnitReportReporter -->
<testsuite skipped="0" hostname="Ihsan-Legion5" name="MavenTutorial.MavenJava.AppiumTest" tests="2" failures="0" timestamp="2021-03-15T17:31:57 SGT" time="0.000" errors="0">
  <testcase name="iOSApps" time="0.000" classname="MavenTutorial.MavenJava.AppiumTest"/>
  <system-out/>
  <testcase name="NativeAndroid" time="0.000" classname="MavenTutorial.MavenJava.AppiumTest"/>
  <system-out/>
</testsuite> <!-- MavenTutorial.MavenJava.AppiumTest -->
